
          -------------------------------------------------------
          Amber 9  SANDER                 Scripps/UCSF 2004
          -------------------------------------------------------

| Run on 02/08/2017 at 18:28:13
  [-O]verwriting output

File Assignments:
|  MDIN: 01_Min.in                                                             
| MDOUT: 01_Min.out                                                            
|INPCRD: inpcrd                                                                
|  PARM: prmtop                                                                
|RESTRT: 01_Min.rst                                                            
|  REFC: refc                                                                  
| MDVEL: mdvel                                                                 
|  MDEN: mden                                                                  
| MDCRD: mdcrd                                                                 
|MDINFO: 01_Min.mdinfo                                                         
|INPDIP: inpdip                                                                
|RSTDIP: rstdip                                                                

 
 Here is the input file:
 
Minimize                                                                       
 &cntrl                                                                        
  imin=1,                                                                      
  ntx=1,                                                                       
  irest=0,                                                                     
  maxcyc=2000,                                                                 
  ncyc=1000,                                                                   
  ntpr=100,                                                                    
  ntwx=0,                                                                      
  cut=8.0,                                                                     
 /                                                                             

--------------------------------------------------------------------------------
   1.  RESOURCE   USE: 
--------------------------------------------------------------------------------

| Flags:                                                                        
 getting new box info from bottom of inpcrd
|  INFO: Old style inocrd file read

| peek_ewald_inpcrd: Box info found
|Largest sphere to fit in unit cell has radius =    14.636
| New format PARM file being parsed.
| Version =    1.000 Date = 06/30/15 Time = 11:44:23
 NATOM  =    1912 NTYPES =       9 NBONH =    1902 MBONA  =       9
 NTHETH =      25 MTHETA =      11 NPHIH =      43 MPHIA  =      24
 NHPARM =       0 NPARM  =       0 NNB   =    2619 NRES   =     633
 NBONA  =       9 NTHETA =      11 NPHIA =      24 NUMBND =      13
 NUMANG =      21 NPTRA  =      20 NATYP =      10 NPHB   =       1
 IFBOX  =       1 NMXRS  =      10 IFCAP =       0 NEXTRA =       0
 NCOPY  =       0


|     Memory Use     Allocated
|     Real              199185
|     Hollerith          12107
|     Integer            60886
|     Max Pairs         637333
|     nblistReal         22944
|     nblist Int        109618
|       Total             4938 kbytes
| Duplicated    0 dihedrals
| Duplicated    0 dihedrals

     BOX TYPE: RECTILINEAR

--------------------------------------------------------------------------------
   2.  CONTROL  DATA  FOR  THE  RUN
--------------------------------------------------------------------------------

ACE                                                                             

General flags:
     imin    =       1, nmropt  =       0

Nature and format of input:
     ntx     =       1, irest   =       0, ntrx    =       1

Nature and format of output:
     ntxo    =       1, ntpr    =     100, ntrx    =       1, ntwr    =     500
     iwrap   =       0, ntwx    =       0, ntwv    =       0, ntwe    =       0
     ioutfm  =       0, ntwprt  =       0, idecomp =       0, rbornstat=      0

Potential function:
     ntf     =       1, ntb     =       1, igb     =       0, nsnb    =      25
     ipol    =       0, gbsa    =       0, iesp    =       0
     dielc   =   1.00000, cut     =   8.00000, intdiel =   1.00000
     scnb    =   2.00000, scee    =   1.20000

Frozen or restrained atoms:
     ibelly  =       0, ntr     =       0

Energy minimization:
     maxcyc  =    2000, ncyc    =    1000, ntmin   =       1
     dx0     =   0.01000, drms    =   0.00010

Ewald parameters:
     verbose =       0, ew_type =       0, nbflag  =       1, use_pme =       1
     vdwmeth =       1, eedmeth =       1, netfrc  =       1
     Box X =   31.398   Box Y =   34.100   Box Z =   29.273
     Alpha =   90.000   Beta  =   90.000   Gamma =   90.000
     NFFT1 =   32       NFFT2 =   36       NFFT3 =   30
     Cutoff=    8.000   Tol   =0.100E-04
     Ewald Coefficient =  0.34864
     Interpolation order =    4

--------------------------------------------------------------------------------
   3.  ATOMIC COORDINATES AND VELOCITIES
--------------------------------------------------------------------------------

ACE                                                                             
 begin time read from input coords =     0.000 ps

 Number of triangulated 3-point waters found:      630

     Sum of charges from parm topology file =   0.00000000
     Forcing neutrality...

--------------------------------------------------------------------------------
   4.  RESULTS
--------------------------------------------------------------------------------

 ---------------------------------------------------
 APPROXIMATING switch and d/dx switch using CUBIC SPLINE INTERPOLATION
 using   5000.0 points per unit in tabled values
 TESTING RELATIVE ERROR over r ranging from 0.0 to cutoff
| CHECK switch(x): max rel err =   0.2738E-14   at   2.422500
| CHECK d/dx switch(x): max rel err =   0.8332E-11   at   2.782960
 ---------------------------------------------------
| Local SIZE OF NONBOND LIST =     263495
| TOTAL SIZE OF NONBOND LIST =     263495


   NSTEP       ENERGY          RMS            GMAX         NAME    NUMBER
      1      -4.8111E+03     1.1635E+01     4.4016E+01     O        1544

 BOND    =        0.0510  ANGLE   =        0.3620  DIHED      =        9.6440
 VDWAALS =      627.5975  EEL     =    -5502.6684  HBOND      =        0.0000
 1-4 VDW =        5.0157  1-4 EEL =       48.9355  RESTRAINT  =        0.0000


   NSTEP       ENERGY          RMS            GMAX         NAME    NUMBER
    100      -6.1212E+03     1.4891E+00     5.2969E+00     H1       1251

 BOND    =      342.6762  ANGLE   =        1.0090  DIHED      =        9.2581
 VDWAALS =      743.6353  EEL     =    -7267.5869  HBOND      =        0.0000
 1-4 VDW =        3.0776  1-4 EEL =       46.7355  RESTRAINT  =        0.0000


   NSTEP       ENERGY          RMS            GMAX         NAME    NUMBER
    200      -6.3600E+03     1.9636E+00     8.8728E+00     H1        207

 BOND    =      426.2999  ANGLE   =        0.9976  DIHED      =        9.0480
 VDWAALS =      869.3107  EEL     =    -7715.4488  HBOND      =        0.0000
 1-4 VDW =        3.0020  1-4 EEL =       46.7519  RESTRAINT  =        0.0000


   NSTEP       ENERGY          RMS            GMAX         NAME    NUMBER
    300      -6.5061E+03     1.6982E+00     9.0566E+00     H2        619

 BOND    =      394.1819  ANGLE   =        0.9374  DIHED      =        8.9559
 VDWAALS =      964.5110  EEL     =    -7924.4005  HBOND      =        0.0000
 1-4 VDW =        2.9656  1-4 EEL =       46.7381  RESTRAINT  =        0.0000


   NSTEP       ENERGY          RMS            GMAX         NAME    NUMBER
    400      -6.6119E+03     1.4562E+00     8.4382E+00     H1        687

 BOND    =      457.7683  ANGLE   =        0.9340  DIHED      =        8.9064
 VDWAALS =     1039.4566  EEL     =    -8168.5759  HBOND      =        0.0000
 1-4 VDW =        2.9078  1-4 EEL =       46.7069  RESTRAINT  =        0.0000


   NSTEP       ENERGY          RMS            GMAX         NAME    NUMBER
    500      -6.6944E+03     1.2313E+00     8.0502E+00     H2        619

 BOND    =      431.3054  ANGLE   =        0.9097  DIHED      =        8.8762
 VDWAALS =     1101.5528  EEL     =    -8286.5883  HBOND      =        0.0000
 1-4 VDW =        2.8770  1-4 EEL =       46.6522  RESTRAINT  =        0.0000


   NSTEP       ENERGY          RMS            GMAX         NAME    NUMBER
    600      -6.7604E+03     1.1079E+00     9.4867E+00     C          15

 BOND    =      476.1192  ANGLE   =        0.9169  DIHED      =        8.8552
 VDWAALS =     1152.3699  EEL     =    -8448.1406  HBOND      =        0.0000
 1-4 VDW =        2.8272  1-4 EEL =       46.6332  RESTRAINT  =        0.0000


   NSTEP       ENERGY          RMS            GMAX         NAME    NUMBER
    700      -6.8166E+03     9.0444E-01     1.4664E+01     C          15

 BOND    =      457.4262  ANGLE   =        0.9088  DIHED      =        8.8410
 VDWAALS =     1193.2976  EEL     =    -8526.4270  HBOND      =        0.0000
 1-4 VDW =        2.8257  1-4 EEL =       46.5586  RESTRAINT  =        0.0000


   NSTEP       ENERGY          RMS            GMAX         NAME    NUMBER
    800      -6.8668E+03     4.4732E-01     9.1305E+00     C          15

 BOND    =      479.5699  ANGLE   =        0.9061  DIHED      =        8.8278
 VDWAALS =     1227.3444  EEL     =    -8632.7783  HBOND      =        0.0000
 1-4 VDW =        2.7849  1-4 EEL =       46.5480  RESTRAINT  =        0.0000


   NSTEP       ENERGY          RMS            GMAX         NAME    NUMBER
    900      -6.9124E+03     6.2985E-01     2.0556E+01     C          15

 BOND    =      480.2808  ANGLE   =        0.9221  DIHED      =        8.8190
 VDWAALS =     1256.4213  EEL     =    -8708.0641  HBOND      =        0.0000
 1-4 VDW =        2.7970  1-4 EEL =       46.4537  RESTRAINT  =        0.0000


   NSTEP       ENERGY          RMS            GMAX         NAME    NUMBER
   1000      -6.9547E+03     3.0897E-01     3.3644E+00     C          15

 BOND    =      489.4883  ANGLE   =        0.9079  DIHED      =        8.8097
 VDWAALS =     1282.9419  EEL     =    -8786.0552  HBOND      =        0.0000
 1-4 VDW =        2.7684  1-4 EEL =       46.4290  RESTRAINT  =        0.0000


   NSTEP       ENERGY          RMS            GMAX         NAME    NUMBER
   1100      -7.1662E+03     1.1988E+00     1.8364E+01     H          18

 BOND    =      532.3321  ANGLE   =        1.4685  DIHED      =        8.8330
 VDWAALS =     1477.1256  EEL     =    -9235.4402  HBOND      =        0.0000
 1-4 VDW =        3.0533  1-4 EEL =       46.4328  RESTRAINT  =        0.0000


   NSTEP       ENERGY          RMS            GMAX         NAME    NUMBER
   1200      -7.2358E+03     5.9451E-01     1.0256E+01     H          18

 BOND    =      544.3592  ANGLE   =        1.1495  DIHED      =        8.7576
 VDWAALS =     1512.8002  EEL     =    -9352.3958  HBOND      =        0.0000
 1-4 VDW =        2.9960  1-4 EEL =       46.4980  RESTRAINT  =        0.0000


   NSTEP       ENERGY          RMS            GMAX         NAME    NUMBER
   1300      -7.2866E+03     8.3473E-01     1.6940E+01     CH3        19

 BOND    =      556.5881  ANGLE   =        1.6712  DIHED      =        9.0135
 VDWAALS =     1558.7576  EEL     =    -9462.4501  HBOND      =        0.0000
 1-4 VDW =        3.1689  1-4 EEL =       46.6205  RESTRAINT  =        0.0000


   NSTEP       ENERGY          RMS            GMAX         NAME    NUMBER
   1400      -7.3374E+03     9.9909E-01     1.6766E+01     O         881

 BOND    =      569.8122  ANGLE   =        1.7237  DIHED      =        8.7781
 VDWAALS =     1604.0433  EEL     =    -9571.4675  HBOND      =        0.0000
 1-4 VDW =        3.2606  1-4 EEL =       46.4671  RESTRAINT  =        0.0000


   NSTEP       ENERGY          RMS            GMAX         NAME    NUMBER
   1500      -7.3874E+03     8.9264E-01     1.9177E+01     C           5

 BOND    =      574.4796  ANGLE   =        1.7755  DIHED      =        8.8232
 VDWAALS =     1646.5913  EEL     =    -9668.4762  HBOND      =        0.0000
 1-4 VDW =        3.1676  1-4 EEL =       46.1901  RESTRAINT  =        0.0000


   NSTEP       ENERGY          RMS            GMAX         NAME    NUMBER
   1600      -7.4192E+03     6.8258E-01     1.4847E+01     C           5

 BOND    =      581.4983  ANGLE   =        1.2634  DIHED      =        8.7575
 VDWAALS =     1677.9398  EEL     =    -9737.7475  HBOND      =        0.0000
 1-4 VDW =        3.0425  1-4 EEL =       46.0926  RESTRAINT  =        0.0000


   NSTEP       ENERGY          RMS            GMAX         NAME    NUMBER
   1700      -7.4435E+03     8.2734E-01     1.8930E+01     C           5

 BOND    =      586.0114  ANGLE   =        1.1840  DIHED      =        8.7594
 VDWAALS =     1696.2970  EEL     =    -9784.7014  HBOND      =        0.0000
 1-4 VDW =        2.9850  1-4 EEL =       45.9916  RESTRAINT  =        0.0000


   NSTEP       ENERGY          RMS            GMAX         NAME    NUMBER
   1800      -7.4637E+03     6.5278E-01     1.1816E+01     C           5

 BOND    =      589.5589  ANGLE   =        1.0950  DIHED      =        8.7597
 VDWAALS =     1716.2464  EEL     =    -9828.2339  HBOND      =        0.0000
 1-4 VDW =        2.9430  1-4 EEL =       45.9633  RESTRAINT  =        0.0000


   NSTEP       ENERGY          RMS            GMAX         NAME    NUMBER
   1900      -7.4785E+03     4.5146E-01     7.8844E+00     CA          9

 BOND    =      592.8914  ANGLE   =        1.0206  DIHED      =        8.7544
 VDWAALS =     1730.1564  EEL     =    -9860.2329  HBOND      =        0.0000
 1-4 VDW =        2.9283  1-4 EEL =       45.9457  RESTRAINT  =        0.0000


   NSTEP       ENERGY          RMS            GMAX         NAME    NUMBER
   2000      -7.4923E+03     4.2395E-01     8.4783E+00     CA          9

 BOND    =      595.8491  ANGLE   =        1.0587  DIHED      =        8.7515
 VDWAALS =     1742.6783  EEL     =    -9889.5131  HBOND      =        0.0000
 1-4 VDW =        2.9406  1-4 EEL =       45.9212  RESTRAINT  =        0.0000


  Maximum number of minimization cycles reached.


                    FINAL RESULTS



   NSTEP       ENERGY          RMS            GMAX         NAME    NUMBER
   2000      -7.4923E+03     4.2395E-01     8.4783E+00     CA          9

 BOND    =      595.8491  ANGLE   =        1.0587  DIHED      =        8.7515
 VDWAALS =     1742.6783  EEL     =    -9889.5131  HBOND      =        0.0000
 1-4 VDW =        2.9406  1-4 EEL =       45.9212  RESTRAINT  =        0.0000

--------------------------------------------------------------------------------
   5.  TIMINGS
--------------------------------------------------------------------------------

|    Read coords time           0.00 ( 0.01% of Total)
|                Build the list             0.15 (79.06% of List )
|                Other                      0.04 (20.94% of List )
|             List time                  0.19 ( 0.48% of Nonbo)
|                   Short_ene time            29.15 (98.63% of Direc)
|                   Other                      0.41 ( 1.37% of Direc)
|                Direct Ewald time         29.56 (73.67% of Ewald)
|                Adjust Ewald time          0.38 ( 0.95% of Ewald)
|                   Fill Bspline coeffs        0.34 ( 3.34% of Recip)
|                   Fill charge grid           0.97 ( 9.63% of Recip)
|                   Scalar sum                 2.98 (29.50% of Recip)
|                   Grad sum                   1.44 (14.25% of Recip)
|                   FFT time                   4.38 (43.26% of Recip)
|                   Other                      0.00 ( 0.02% of Recip)
|                Recip Ewald time          10.12 (25.21% of Ewald)
|                Force Adjust               0.02 ( 0.05% of Ewald)
|                Virial junk                0.04 ( 0.10% of Ewald)
|             Ewald time                40.12 (99.52% of Nonbo)
|          Nonbond force             40.31 (99.30% of Force)
|          Bond/Angle/Dihedral        0.27 ( 0.67% of Force)
|          Other                      0.01 ( 0.03% of Force)
|       Force time                40.60 (100.0% of Runmd)
|    Runmd Time                40.60 (99.24% of Total)
|    Other                      0.31 ( 0.75% of Total)
| Total time                40.91 (100.0% of ALL  )

| Highest rstack allocated:     133062
| Highest istack allocated:       1912
|           Job began  at 18:28:13.928  on 02/08/2017
|           Setup done at 18:28:13.972  on 02/08/2017
|           Run   done at 18:28:54.835  on 02/08/2017
|     wallclock() was called   70024 times
