
          -------------------------------------------------------
          Amber 14 SANDER                              2014
          -------------------------------------------------------

| Run on 06/30/2015 at 12:05:28
  [-O]verwriting output

File Assignments:
|  MDIN: 02_Heat.in                                                            
| MDOUT: 02_Heat.out                                                           
|INPCRD: 01_Min.rst                                                            
|  PARM: prmtop                                                                
|RESTRT: 02_Heat.rst                                                           
|  REFC: refc                                                                  
| MDVEL: mdvel                                                                 
| MDFRC: mdfrc                                                                 
|  MDEN: mden                                                                  
| MDCRD: 02_Heat.mdcrd                                                         
|MDINFO: 02_Heat.mdinfo                                                        
|  MTMD: mtmd                                                                  
|INPDIP: inpdip                                                                
|RSTDIP: rstdip                                                                
|INPTRA: inptraj                                                               


 Here is the input file:

Heat                                                                           
 &cntrl                                                                        
  imin=0,                                                                      
  ntx=1,                                                                       
  irest=0,                                                                     
  nstlim=10000,                                                                
  dt=0.002,                                                                    
  ntf=2,                                                                       
  ntc=2,                                                                       
  tempi=0.0,                                                                   
  temp0=300.0,                                                                 
  ntpr=100,                                                                    
  ntwx=100,                                                                    
  cut=8.0,                                                                     
  ntb=1,                                                                       
  ntp=0,                                                                       
  ntt=3,                                                                       
  gamma_ln=2.0,                                                                
  nmropt=1,                                                                    
  ig=-1,                                                                       
 /                                                                             
&wt type='TEMP0', istep1=0, istep2=9000, value1=0.0, value2=300.0 /            
&wt type='TEMP0', istep1=9001, istep2=10000, value1=300.0, value2=300.0 /      
&wt type='END' /                                                               

--------------------------------------------------------------------------------
   1.  RESOURCE   USE: 
--------------------------------------------------------------------------------

| Flags:                                                                        
 getting new box info from bottom of inpcrd
|  INFO: Old style inpcrd file read

| peek_ewald_inpcrd: Box info found
|Largest sphere to fit in unit cell has radius =    14.636
| New format PARM file being parsed.
| Version =    1.000 Date = 06/30/15 Time = 11:44:23
 NATOM  =    1912 NTYPES =       9 NBONH =    1902 MBONA  =       9
 NTHETH =      25 MTHETA =      11 NPHIH =      43 MPHIA  =      24
 NHPARM =       0 NPARM  =       0 NNB   =    2619 NRES   =     633
 NBONA  =       9 NTHETA =      11 NPHIA =      24 NUMBND =      13
 NUMANG =      21 NPTRA  =      20 NATYP =      10 NPHB   =       1
 IFBOX  =       1 NMXRS  =      10 IFCAP =       0 NEXTRA =       0
 NCOPY  =       0


|     Memory Use     Allocated
|     Real              213504
|     Hollerith           6371
|     Integer            66764
|     Max Pairs         637333
|     nblistReal         22944
|     nblist Int        109618
|       Total             5050 kbytes

| Note: 1-4 EEL scale factors are being read from the topology file.

| Note: 1-4 VDW scale factors are being read from the topology file.
| Duplicated    0 dihedrals
| Duplicated    0 dihedrals

     BOX TYPE: RECTILINEAR
Note: ig = -1. Setting random seed to   982444 based on wallclock time in microseconds.

--------------------------------------------------------------------------------
   2.  CONTROL  DATA  FOR  THE  RUN
--------------------------------------------------------------------------------

ACE                                                                             

General flags:
     imin    =       0, nmropt  =       1

Nature and format of input:
     ntx     =       1, irest   =       0, ntrx    =       1

Nature and format of output:
     ntxo    =       1, ntpr    =     100, ntrx    =       1, ntwr    =     500
     iwrap   =       0, ntwx    =     100, ntwv    =       0, ntwe    =       0
     ioutfm  =       0, ntwprt  =       0, idecomp =       0, rbornstat=      0

Potential function:
     ntf     =       2, ntb     =       1, igb     =       0, nsnb    =      25
     ipol    =       0, gbsa    =       0, iesp    =       0
     dielc   =   1.00000, cut     =   8.00000, intdiel =   1.00000

Frozen or restrained atoms:
     ibelly  =       0, ntr     =       0

Molecular dynamics:
     nstlim  =     10000, nscm    =      1000, nrespa  =         1
     t       =   0.00000, dt      =   0.00200, vlimit  =  20.00000

Langevin dynamics temperature regulation:
     ig      =  982444
     temp0   = 300.00000, tempi   =   0.00000, gamma_ln=   2.00000

SHAKE:
     ntc     =       2, jfastw  =       0
     tol     =   0.00001

NMR refinement options:
     iscale  =       0, noeskp  =       1, ipnlty  =       1, mxsub   =       1
     scalm   = 100.00000, pencut  =   0.10000, tausw   =   0.10000

Ewald parameters:
     verbose =       0, ew_type =       0, nbflag  =       1, use_pme =       1
     vdwmeth =       1, eedmeth =       1, netfrc  =       1
     Box X =   31.398   Box Y =   34.100   Box Z =   29.273
     Alpha =   90.000   Beta  =   90.000   Gamma =   90.000
     NFFT1 =   32       NFFT2 =   36       NFFT3 =   30
     Cutoff=    8.000   Tol   =0.100E-04
     Ewald Coefficient =  0.34864
     Interpolation order =    4

--------------------------------------------------------------------------------
   3.  ATOMIC COORDINATES AND VELOCITIES
--------------------------------------------------------------------------------

ACE                                                                             
 begin time read from input coords =     0.000 ps



           Begin reading energy term weight changes/NMR restraints
 WEIGHT CHANGES:
 TEMP0         0   9000    0.000000  300.000000      0      0
 TEMP0      9001  10000  300.000000  300.000000      0      0

 RESTRAINTS:
                          ** No restraint defined **

                  Done reading weight changes/NMR restraints


 Number of triangulated 3-point waters found:      630

     Sum of charges from parm topology file =  -0.00000000
     Forcing neutrality...

--------------------------------------------------------------------------------
   4.  RESULTS
--------------------------------------------------------------------------------

|  # of SOLUTE  degrees of freedom (RNDFP):    3834.
|  # of SOLVENT degrees of freedom (RNDFS):       0.
|  NDFMIN =    3834.     NUM_NOSHAKE =      0     CORRECTED RNDFP =    3834.
|  TOTAL # of degrees of freedom (RNDF) =    3834.
 ---------------------------------------------------
 APPROXIMATING switch and d/dx switch using CUBIC SPLINE INTERPOLATION
 using   5000.0 points per unit in tabled values
 TESTING RELATIVE ERROR over r ranging from 0.0 to cutoff
| CHECK switch(x): max rel err =   0.2738E-14   at   2.422500
| CHECK d/dx switch(x): max rel err =   0.8332E-11   at   2.782960
 ---------------------------------------------------
| Local SIZE OF NONBOND LIST =     279530
| TOTAL SIZE OF NONBOND LIST =     279530

 NSTEP =        0   TIME(PS) =       0.000  TEMP(K) =     0.00  PRESS =     0.0
 Etot   =     -8115.8537  EKtot   =         0.0000  EPtot      =     -8115.8537
 BOND   =         0.8104  ANGLE   =         0.7936  DIHED      =         8.7559
 1-4 NB =         2.6991  1-4 EEL =        46.1825  VDWAALS    =      1758.8075
 EELEC  =     -9933.9026  EHBOND  =         0.0000  RESTRAINT  =         0.0000
 Ewald error estimate:   0.1521E-03
 ------------------------------------------------------------------------------

 NMR restraints: Bond =    0.000   Angle =     0.000   Torsion =     0.000
===============================================================================

 NSTEP =      100   TIME(PS) =       0.200  TEMP(K) =     9.88  PRESS =     0.0
 Etot   =     -6926.3195  EKtot   =        37.6407  EPtot      =     -6963.9602
 BOND   =         0.5077  ANGLE   =         0.9451  DIHED      =         8.8760
 1-4 NB =         2.7906  1-4 EEL =        45.6187  VDWAALS    =      1327.3298
 EELEC  =     -8350.0280  EHBOND  =         0.0000  RESTRAINT  =         0.0000
 Ewald error estimate:   0.6041E-04
 ------------------------------------------------------------------------------

 NMR restraints: Bond =    0.000   Angle =     0.000   Torsion =     0.000
===============================================================================

 NSTEP =      200   TIME(PS) =       0.400  TEMP(K) =    12.36  PRESS =     0.0
 Etot   =     -6944.4669  EKtot   =        47.0871  EPtot      =     -6991.5541
 BOND   =         0.5156  ANGLE   =         0.9961  DIHED      =         8.7778
 1-4 NB =         2.8751  1-4 EEL =        45.8263  VDWAALS    =      1464.9932
 EELEC  =     -8515.5382  EHBOND  =         0.0000  RESTRAINT  =         0.0000
 Ewald error estimate:   0.3452E-03
 ------------------------------------------------------------------------------

 NMR restraints: Bond =    0.000   Angle =     0.000   Torsion =     0.000
===============================================================================

 NSTEP =      300   TIME(PS) =       0.600  TEMP(K) =    12.76  PRESS =     0.0
 Etot   =     -6958.4362  EKtot   =        48.5996  EPtot      =     -7007.0359
 BOND   =         0.5274  ANGLE   =         0.7514  DIHED      =         9.0051
 1-4 NB =         2.9524  1-4 EEL =        46.6201  VDWAALS    =      1445.8385
 EELEC  =     -8512.7308  EHBOND  =         0.0000  RESTRAINT  =         0.0000
 Ewald error estimate:   0.5241E-03
 ------------------------------------------------------------------------------

 NMR restraints: Bond =    0.000   Angle =     0.000   Torsion =     0.000
===============================================================================

 NSTEP =      400   TIME(PS) =       0.800  TEMP(K) =    14.40  PRESS =     0.0
 Etot   =     -6962.6629  EKtot   =        54.8730  EPtot      =     -7017.5359
 BOND   =         0.6304  ANGLE   =         0.6475  DIHED      =         8.9502
 1-4 NB =         2.7442  1-4 EEL =        46.2967  VDWAALS    =      1471.3288
 EELEC  =     -8548.1338  EHBOND  =         0.0000  RESTRAINT  =         0.0000
 Ewald error estimate:   0.5422E-03
 ------------------------------------------------------------------------------

 NMR restraints: Bond =    0.000   Angle =     0.000   Torsion =     0.000
===============================================================================

 NSTEP =      500   TIME(PS) =       1.000  TEMP(K) =    17.83  PRESS =     0.0
 Etot   =     -6965.7592  EKtot   =        67.9294  EPtot      =     -7033.6886
 BOND   =         0.7107  ANGLE   =         0.9143  DIHED      =         9.0194
 1-4 NB =         2.9622  1-4 EEL =        46.5456  VDWAALS    =      1449.9162
 EELEC  =     -8543.7570  EHBOND  =         0.0000  RESTRAINT  =         0.0000
 Ewald error estimate:   0.4022E-03
 ------------------------------------------------------------------------------

 NMR restraints: Bond =    0.000   Angle =     0.000   Torsion =     0.000
===============================================================================

 NSTEP =      600   TIME(PS) =       1.200  TEMP(K) =    19.05  PRESS =     0.0
 Etot   =     -6969.4930  EKtot   =        72.5759  EPtot      =     -7042.0689
 BOND   =         0.5967  ANGLE   =         1.2553  DIHED      =         9.1362
 1-4 NB =         2.7863  1-4 EEL =        45.2551  VDWAALS    =      1423.4378
 EELEC  =     -8524.5362  EHBOND  =         0.0000  RESTRAINT  =         0.0000
 Ewald error estimate:   0.4960E-03
 ------------------------------------------------------------------------------

 NMR restraints: Bond =    0.000   Angle =     0.000   Torsion =     0.000
===============================================================================

 NSTEP =      700   TIME(PS) =       1.400  TEMP(K) =    21.22  PRESS =     0.0
 Etot   =     -6968.3186  EKtot   =        80.8244  EPtot      =     -7049.1429
 BOND   =         0.6526  ANGLE   =         1.1836  DIHED      =         9.4990
 1-4 NB =         2.8690  1-4 EEL =        45.7839  VDWAALS    =      1452.6031
 EELEC  =     -8561.7340  EHBOND  =         0.0000  RESTRAINT  =         0.0000
 Ewald error estimate:   0.5567E-03
 ------------------------------------------------------------------------------

 NMR restraints: Bond =    0.000   Angle =     0.000   Torsion =     0.000
===============================================================================

 NSTEP =      800   TIME(PS) =       1.600  TEMP(K) =    24.15  PRESS =     0.0
 Etot   =     -6963.0582  EKtot   =        92.0125  EPtot      =     -7055.0706
 BOND   =         0.4321  ANGLE   =         1.8337  DIHED      =         9.2144
 1-4 NB =         2.4990  1-4 EEL =        45.8852  VDWAALS    =      1461.0024
 EELEC  =     -8575.9375  EHBOND  =         0.0000  RESTRAINT  =         0.0000
 Ewald error estimate:   0.6044E-03
 ------------------------------------------------------------------------------

 NMR restraints: Bond =    0.000   Angle =     0.000   Torsion =     0.000
===============================================================================

 NSTEP =      900   TIME(PS) =       1.800  TEMP(K) =    26.54  PRESS =     0.0
 Etot   =     -6952.7733  EKtot   =       101.1044  EPtot      =     -7053.8777
 BOND   =         0.7176  ANGLE   =         1.1257  DIHED      =         9.2820
 1-4 NB =         2.9514  1-4 EEL =        46.5224  VDWAALS    =      1417.7159
 EELEC  =     -8532.1927  EHBOND  =         0.0000  RESTRAINT  =         0.0000
 Ewald error estimate:   0.4120E-03
 ------------------------------------------------------------------------------

 NMR restraints: Bond =    0.000   Angle =     0.000   Torsion =     0.000
===============================================================================

 NSTEP =     1000   TIME(PS) =       2.000  TEMP(K) =    29.48  PRESS =     0.0
 Etot   =     -6944.9552  EKtot   =       112.3015  EPtot      =     -7057.2567
 BOND   =         1.0442  ANGLE   =         1.7653  DIHED      =         9.4906
 1-4 NB =         2.6284  1-4 EEL =        46.3073  VDWAALS    =      1448.7074
 EELEC  =     -8567.1999  EHBOND  =         0.0000  RESTRAINT  =         0.0000
 Ewald error estimate:   0.3169E-03
 ------------------------------------------------------------------------------

 NMR restraints: Bond =    0.000   Angle =     0.000   Torsion =     0.000
===============================================================================

 NSTEP =     1100   TIME(PS) =       2.200  TEMP(K) =    31.65  PRESS =     0.0
 Etot   =     -6929.9747  EKtot   =       120.5742  EPtot      =     -7050.5489
 BOND   =         1.0537  ANGLE   =         1.2791  DIHED      =         9.2993
 1-4 NB =         3.0018  1-4 EEL =        45.8928  VDWAALS    =      1430.4780
 EELEC  =     -8541.5536  EHBOND  =         0.0000  RESTRAINT  =         0.0000
 Ewald error estimate:   0.2380E-03
 ------------------------------------------------------------------------------

 NMR restraints: Bond =    0.000   Angle =     0.000   Torsion =     0.000
===============================================================================

 NSTEP =     1200   TIME(PS) =       2.400  TEMP(K) =    35.82  PRESS =     0.0
 Etot   =     -6915.7116  EKtot   =       136.4425  EPtot      =     -7052.1540
 BOND   =         1.2928  ANGLE   =         1.4423  DIHED      =         9.4407
 1-4 NB =         2.9663  1-4 EEL =        46.1130  VDWAALS    =      1446.6861
 EELEC  =     -8560.0951  EHBOND  =         0.0000  RESTRAINT  =         0.0000
 Ewald error estimate:   0.2852E-03
 ------------------------------------------------------------------------------

 NMR restraints: Bond =    0.000   Angle =     0.000   Torsion =     0.000
===============================================================================

 NSTEP =     1300   TIME(PS) =       2.600  TEMP(K) =    38.49  PRESS =     0.0
 Etot   =     -6902.3450  EKtot   =       146.6334  EPtot      =     -7048.9784
 BOND   =         0.7101  ANGLE   =         1.8923  DIHED      =         9.6629
 1-4 NB =         2.8317  1-4 EEL =        46.3746  VDWAALS    =      1444.7750
 EELEC  =     -8555.2250  EHBOND  =         0.0000  RESTRAINT  =         0.0000
 Ewald error estimate:   0.3284E-03
 ------------------------------------------------------------------------------

 NMR restraints: Bond =    0.000   Angle =     0.000   Torsion =     0.000
===============================================================================

 NSTEP =     1400   TIME(PS) =       2.800  TEMP(K) =    40.84  PRESS =     0.0
 Etot   =     -6884.7965  EKtot   =       155.5668  EPtot      =     -7040.3633
 BOND   =         0.9719  ANGLE   =         2.2887  DIHED      =         9.3943
 1-4 NB =         2.4769  1-4 EEL =        45.6727  VDWAALS    =      1431.8061
 EELEC  =     -8532.9738  EHBOND  =         0.0000  RESTRAINT  =         0.0000
 Ewald error estimate:   0.3323E-03
 ------------------------------------------------------------------------------

 NMR restraints: Bond =    0.000   Angle =     0.000   Torsion =     0.000
===============================================================================

 NSTEP =     1500   TIME(PS) =       3.000  TEMP(K) =    43.52  PRESS =     0.0
 Etot   =     -6867.7433  EKtot   =       165.7922  EPtot      =     -7033.5355
 BOND   =         1.4212  ANGLE   =         1.3985  DIHED      =         9.2452
 1-4 NB =         3.1666  1-4 EEL =        46.1531  VDWAALS    =      1419.1232
 EELEC  =     -8514.0433  EHBOND  =         0.0000  RESTRAINT  =         0.0000
 Ewald error estimate:   0.3381E-03
 ------------------------------------------------------------------------------

 NMR restraints: Bond =    0.000   Angle =     0.000   Torsion =     0.000
===============================================================================

 NSTEP =     1600   TIME(PS) =       3.200  TEMP(K) =    46.99  PRESS =     0.0
 Etot   =     -6849.3381  EKtot   =       179.0040  EPtot      =     -7028.3421
 BOND   =         0.5556  ANGLE   =         1.6700  DIHED      =         8.8998
 1-4 NB =         3.2179  1-4 EEL =        47.6051  VDWAALS    =      1461.1580
 EELEC  =     -8551.4486  EHBOND  =         0.0000  RESTRAINT  =         0.0000
 Ewald error estimate:   0.3726E-03
 ------------------------------------------------------------------------------

 NMR restraints: Bond =    0.000   Angle =     0.000   Torsion =     0.000
===============================================================================

 NSTEP =     1700   TIME(PS) =       3.400  TEMP(K) =    49.99  PRESS =     0.0
 Etot   =     -6837.2355  EKtot   =       190.4301  EPtot      =     -7027.6656
 BOND   =         0.8401  ANGLE   =         2.7280  DIHED      =         9.2444
 1-4 NB =         2.8466  1-4 EEL =        44.5976  VDWAALS    =      1420.6441
 EELEC  =     -8508.5665  EHBOND  =         0.0000  RESTRAINT  =         0.0000
 Ewald error estimate:   0.3723E-03
 ------------------------------------------------------------------------------

 NMR restraints: Bond =    0.000   Angle =     0.000   Torsion =     0.000
===============================================================================

 NSTEP =     1800   TIME(PS) =       3.600  TEMP(K) =    54.69  PRESS =     0.0
 Etot   =     -6811.7085  EKtot   =       208.3218  EPtot      =     -7020.0303
 BOND   =         1.1972  ANGLE   =         1.8923  DIHED      =         9.1862
 1-4 NB =         2.7301  1-4 EEL =        45.3444  VDWAALS    =      1408.2736
 EELEC  =     -8488.6542  EHBOND  =         0.0000  RESTRAINT  =         0.0000
 Ewald error estimate:   0.2374E-03
 ------------------------------------------------------------------------------

 NMR restraints: Bond =    0.000   Angle =     0.000   Torsion =     0.000
===============================================================================

 NSTEP =     1900   TIME(PS) =       3.800  TEMP(K) =    56.39  PRESS =     0.0
 Etot   =     -6788.1701  EKtot   =       214.8266  EPtot      =     -7002.9966
 BOND   =         1.1303  ANGLE   =         2.4498  DIHED      =         9.6234
 1-4 NB =         3.0162  1-4 EEL =        46.0274  VDWAALS    =      1436.3172
 EELEC  =     -8501.5609  EHBOND  =         0.0000  RESTRAINT  =         0.0000
 Ewald error estimate:   0.2539E-03
 ------------------------------------------------------------------------------

 NMR restraints: Bond =    0.000   Angle =     0.000   Torsion =     0.000
===============================================================================

 NSTEP =     2000   TIME(PS) =       4.000  TEMP(K) =    59.83  PRESS =     0.0
 Etot   =     -6766.7012  EKtot   =       227.9131  EPtot      =     -6994.6143
 BOND   =         2.2768  ANGLE   =         2.3987  DIHED      =         9.5922
 1-4 NB =         2.5418  1-4 EEL =        45.2908  VDWAALS    =      1411.4150
 EELEC  =     -8468.1296  EHBOND  =         0.0000  RESTRAINT  =         0.0000
 Ewald error estimate:   0.3388E-03
 ------------------------------------------------------------------------------

 NMR restraints: Bond =    0.000   Angle =     0.000   Torsion =     0.000
===============================================================================

 NSTEP =     2100   TIME(PS) =       4.200  TEMP(K) =    61.75  PRESS =     0.0
 Etot   =     -6753.4288  EKtot   =       235.2380  EPtot      =     -6988.6668
 BOND   =         0.4453  ANGLE   =         2.5027  DIHED      =         9.2432
 1-4 NB =         2.8347  1-4 EEL =        46.1058  VDWAALS    =      1388.3411
 EELEC  =     -8438.1395  EHBOND  =         0.0000  RESTRAINT  =         0.0000
 Ewald error estimate:   0.4718E-03
 ------------------------------------------------------------------------------

 NMR restraints: Bond =    0.000   Angle =     0.000   Torsion =     0.000
===============================================================================

 NSTEP =     2200   TIME(PS) =       4.400  TEMP(K) =    66.41  PRESS =     0.0
 Etot   =     -6728.7836  EKtot   =       252.9894  EPtot      =     -6981.7730
 BOND   =         1.2080  ANGLE   =         2.2172  DIHED      =         9.8233
 1-4 NB =         2.9460  1-4 EEL =        46.7643  VDWAALS    =      1428.8143
 EELEC  =     -8473.5461  EHBOND  =         0.0000  RESTRAINT  =         0.0000
 Ewald error estimate:   0.6421E-03
 ------------------------------------------------------------------------------

 NMR restraints: Bond =    0.000   Angle =     0.000   Torsion =     0.000
===============================================================================

 NSTEP =     2300   TIME(PS) =       4.600  TEMP(K) =    73.82  PRESS =     0.0
 Etot   =     -6686.8949  EKtot   =       281.1948  EPtot      =     -6968.0897
 BOND   =         0.7294  ANGLE   =         2.3976  DIHED      =         9.3776
 1-4 NB =         2.8869  1-4 EEL =        47.7235  VDWAALS    =      1423.6930
 EELEC  =     -8454.8977  EHBOND  =         0.0000  RESTRAINT  =         0.0000
 Ewald error estimate:   0.6303E-03
 ------------------------------------------------------------------------------

 NMR restraints: Bond =    0.000   Angle =     0.000   Torsion =     0.000
===============================================================================

 NSTEP =     2400   TIME(PS) =       4.800  TEMP(K) =    73.23  PRESS =     0.0
 Etot   =     -6665.1865  EKtot   =       278.9760  EPtot      =     -6944.1626
 BOND   =         1.0540  ANGLE   =         1.9280  DIHED      =         9.1717
 1-4 NB =         3.7208  1-4 EEL =        46.8578  VDWAALS    =      1395.6673
 EELEC  =     -8402.5623  EHBOND  =         0.0000  RESTRAINT  =         0.0000
 Ewald error estimate:   0.5171E-03
 ------------------------------------------------------------------------------

 NMR restraints: Bond =    0.000   Angle =     0.000   Torsion =     0.000
===============================================================================

 NSTEP =     2500   TIME(PS) =       5.000  TEMP(K) =    76.24  PRESS =     0.0
 Etot   =     -6653.5134  EKtot   =       290.4231  EPtot      =     -6943.9365
 BOND   =         1.6308  ANGLE   =         3.2214  DIHED      =         9.6126
 1-4 NB =         2.1442  1-4 EEL =        44.4146  VDWAALS    =      1376.0496
 EELEC  =     -8381.0096  EHBOND  =         0.0000  RESTRAINT  =         0.0000
 Ewald error estimate:   0.4763E-03
 ------------------------------------------------------------------------------

 NMR restraints: Bond =    0.000   Angle =     0.000   Torsion =     0.000
===============================================================================

 NSTEP =     2600   TIME(PS) =       5.200  TEMP(K) =    78.68  PRESS =     0.0
 Etot   =     -6631.8094  EKtot   =       299.7185  EPtot      =     -6931.5278
 BOND   =         1.2185  ANGLE   =         2.5963  DIHED      =         9.1342
 1-4 NB =         2.6463  1-4 EEL =        45.6687  VDWAALS    =      1377.3648
 EELEC  =     -8370.1568  EHBOND  =         0.0000  RESTRAINT  =         0.0000
 Ewald error estimate:   0.5905E-03
 ------------------------------------------------------------------------------

 NMR restraints: Bond =    0.000   Angle =     0.000   Torsion =     0.000
===============================================================================

 NSTEP =     2700   TIME(PS) =       5.400  TEMP(K) =    83.67  PRESS =     0.0
 Etot   =     -6614.3770  EKtot   =       318.7478  EPtot      =     -6933.1247
 BOND   =         0.9581  ANGLE   =         3.2361  DIHED      =         9.3537
 1-4 NB =         3.6901  1-4 EEL =        47.8919  VDWAALS    =      1345.2703
 EELEC  =     -8343.5248  EHBOND  =         0.0000  RESTRAINT  =         0.0000
 Ewald error estimate:   0.4926E-03
 ------------------------------------------------------------------------------

 NMR restraints: Bond =    0.000   Angle =     0.000   Torsion =     0.000
===============================================================================

 NSTEP =     2800   TIME(PS) =       5.600  TEMP(K) =    84.78  PRESS =     0.0
 Etot   =     -6587.2431  EKtot   =       322.9554  EPtot      =     -6910.1985
 BOND   =         1.0815  ANGLE   =         3.0341  DIHED      =         9.5366
 1-4 NB =         2.5138  1-4 EEL =        46.8806  VDWAALS    =      1386.5266
 EELEC  =     -8359.7718  EHBOND  =         0.0000  RESTRAINT  =         0.0000
 Ewald error estimate:   0.2330E-03
 ------------------------------------------------------------------------------

 NMR restraints: Bond =    0.000   Angle =     0.000   Torsion =     0.000
===============================================================================

 NSTEP =     2900   TIME(PS) =       5.800  TEMP(K) =    86.93  PRESS =     0.0
 Etot   =     -6583.3122  EKtot   =       331.1419  EPtot      =     -6914.4541
 BOND   =         1.1812  ANGLE   =         3.2079  DIHED      =         9.4947
 1-4 NB =         2.4852  1-4 EEL =        48.6197  VDWAALS    =      1346.0492
 EELEC  =     -8325.4920  EHBOND  =         0.0000  RESTRAINT  =         0.0000
 Ewald error estimate:   0.1745E-03
 ------------------------------------------------------------------------------

 NMR restraints: Bond =    0.000   Angle =     0.000   Torsion =     0.000
===============================================================================

 NSTEP =     3000   TIME(PS) =       6.000  TEMP(K) =    87.95  PRESS =     0.0
 Etot   =     -6558.2208  EKtot   =       335.0372  EPtot      =     -6893.2580
 BOND   =         1.2301  ANGLE   =         3.9121  DIHED      =         9.0979
 1-4 NB =         2.9731  1-4 EEL =        44.8043  VDWAALS    =      1376.5629
 EELEC  =     -8331.8383  EHBOND  =         0.0000  RESTRAINT  =         0.0000
 Ewald error estimate:   0.1214E-03
 ------------------------------------------------------------------------------

 NMR restraints: Bond =    0.000   Angle =     0.000   Torsion =     0.000
===============================================================================

 NSTEP =     3100   TIME(PS) =       6.200  TEMP(K) =    95.32  PRESS =     0.0
 Etot   =     -6523.0897  EKtot   =       363.1036  EPtot      =     -6886.1934
 BOND   =         0.5306  ANGLE   =         3.1029  DIHED      =         9.3838
 1-4 NB =         2.5696  1-4 EEL =        46.2169  VDWAALS    =      1344.9435
 EELEC  =     -8292.9406  EHBOND  =         0.0000  RESTRAINT  =         0.0000
 Ewald error estimate:   0.2747E-03
 ------------------------------------------------------------------------------

 NMR restraints: Bond =    0.000   Angle =     0.000   Torsion =     0.000
===============================================================================

 NSTEP =     3200   TIME(PS) =       6.400  TEMP(K) =    92.46  PRESS =     0.0
 Etot   =     -6508.5339  EKtot   =       352.2037  EPtot      =     -6860.7376
 BOND   =         0.9151  ANGLE   =         3.3616  DIHED      =         9.4680
 1-4 NB =         3.1151  1-4 EEL =        47.6424  VDWAALS    =      1367.2883
 EELEC  =     -8292.5281  EHBOND  =         0.0000  RESTRAINT  =         0.0000
 Ewald error estimate:   0.4615E-03
 ------------------------------------------------------------------------------

 NMR restraints: Bond =    0.000   Angle =     0.000   Torsion =     0.000
===============================================================================

 NSTEP =     3300   TIME(PS) =       6.600  TEMP(K) =    98.21  PRESS =     0.0
 Etot   =     -6467.7782  EKtot   =       374.1195  EPtot      =     -6841.8977
 BOND   =         0.6665  ANGLE   =         3.8300  DIHED      =        10.3937
 1-4 NB =         3.1414  1-4 EEL =        46.5713  VDWAALS    =      1328.8604
 EELEC  =     -8235.3611  EHBOND  =         0.0000  RESTRAINT  =         0.0000
 Ewald error estimate:   0.5510E-03
 ------------------------------------------------------------------------------

 NMR restraints: Bond =    0.000   Angle =     0.000   Torsion =     0.000
===============================================================================

 NSTEP =     3400   TIME(PS) =       6.800  TEMP(K) =   104.53  PRESS =     0.0
 Etot   =     -6432.9191  EKtot   =       398.1849  EPtot      =     -6831.1041
 BOND   =         1.0794  ANGLE   =         3.5461  DIHED      =         9.2667
 1-4 NB =         2.5867  1-4 EEL =        45.8082  VDWAALS    =      1376.2469
 EELEC  =     -8269.6380  EHBOND  =         0.0000  RESTRAINT  =         0.0000
 Ewald error estimate:   0.2585E-03
 ------------------------------------------------------------------------------

 NMR restraints: Bond =    0.000   Angle =     0.000   Torsion =     0.000
===============================================================================

 NSTEP =     3500   TIME(PS) =       7.000  TEMP(K) =   108.80  PRESS =     0.0
 Etot   =     -6407.7497  EKtot   =       414.4611  EPtot      =     -6822.2109
 BOND   =         0.4970  ANGLE   =         2.8248  DIHED      =         9.9816
 1-4 NB =         2.6042  1-4 EEL =        46.3100  VDWAALS    =      1373.6258
 EELEC  =     -8258.0544  EHBOND  =         0.0000  RESTRAINT  =         0.0000
 Ewald error estimate:   0.6134E-03
 ------------------------------------------------------------------------------

 NMR restraints: Bond =    0.000   Angle =     0.000   Torsion =     0.000
===============================================================================

 NSTEP =     3600   TIME(PS) =       7.200  TEMP(K) =   113.40  PRESS =     0.0
 Etot   =     -6381.3772  EKtot   =       431.9801  EPtot      =     -6813.3573
 BOND   =         1.6616  ANGLE   =         2.7554  DIHED      =        10.4913
 1-4 NB =         2.8859  1-4 EEL =        45.5953  VDWAALS    =      1310.4739
 EELEC  =     -8187.2208  EHBOND  =         0.0000  RESTRAINT  =         0.0000
 Ewald error estimate:   0.4080E-03
 ------------------------------------------------------------------------------

 NMR restraints: Bond =    0.000   Angle =     0.000   Torsion =     0.000
===============================================================================

 NSTEP =     3700   TIME(PS) =       7.400  TEMP(K) =   115.33  PRESS =     0.0
 Etot   =     -6388.7352  EKtot   =       439.3397  EPtot      =     -6828.0749
 BOND   =         1.8641  ANGLE   =         3.3334  DIHED      =         9.1373
 1-4 NB =         3.4641  1-4 EEL =        44.8621  VDWAALS    =      1348.9659
 EELEC  =     -8239.7018  EHBOND  =         0.0000  RESTRAINT  =         0.0000
 Ewald error estimate:   0.4062E-03
 ------------------------------------------------------------------------------

 NMR restraints: Bond =    0.000   Angle =     0.000   Torsion =     0.000
===============================================================================

 NSTEP =     3800   TIME(PS) =       7.600  TEMP(K) =   113.75  PRESS =     0.0
 Etot   =     -6353.2100  EKtot   =       433.3271  EPtot      =     -6786.5371
 BOND   =         3.3530  ANGLE   =         3.4854  DIHED      =         9.3919
 1-4 NB =         1.9319  1-4 EEL =        42.7772  VDWAALS    =      1351.4525
 EELEC  =     -8198.9290  EHBOND  =         0.0000  RESTRAINT  =         0.0000
 Ewald error estimate:   0.8157E-04
 ------------------------------------------------------------------------------

 NMR restraints: Bond =    0.000   Angle =     0.000   Torsion =     0.000
===============================================================================

 NSTEP =     3900   TIME(PS) =       7.800  TEMP(K) =   117.41  PRESS =     0.0
 Etot   =     -6340.6180  EKtot   =       447.2590  EPtot      =     -6787.8770
 BOND   =         2.5142  ANGLE   =         3.5839  DIHED      =         9.0394
 1-4 NB =         2.2789  1-4 EEL =        44.0052  VDWAALS    =      1323.6586
 EELEC  =     -8172.9572  EHBOND  =         0.0000  RESTRAINT  =         0.0000
 Ewald error estimate:   0.1112E-03
 ------------------------------------------------------------------------------

 NMR restraints: Bond =    0.000   Angle =     0.000   Torsion =     0.000
===============================================================================

 NSTEP =     4000   TIME(PS) =       8.000  TEMP(K) =   125.72  PRESS =     0.0
 Etot   =     -6290.2267  EKtot   =       478.9231  EPtot      =     -6769.1499
 BOND   =         2.4299  ANGLE   =         4.4396  DIHED      =         9.0660
 1-4 NB =         3.2100  1-4 EEL =        46.0445  VDWAALS    =      1275.0613
 EELEC  =     -8109.4011  EHBOND  =         0.0000  RESTRAINT  =         0.0000
 Ewald error estimate:   0.3894E-03
 ------------------------------------------------------------------------------

 NMR restraints: Bond =    0.000   Angle =     0.000   Torsion =     0.000
===============================================================================

 NSTEP =     4100   TIME(PS) =       8.200  TEMP(K) =   132.42  PRESS =     0.0
 Etot   =     -6257.5301  EKtot   =       504.4579  EPtot      =     -6761.9880
 BOND   =         1.2793  ANGLE   =         4.9820  DIHED      =         9.9114
 1-4 NB =         2.7525  1-4 EEL =        44.9222  VDWAALS    =      1268.8399
 EELEC  =     -8094.6754  EHBOND  =         0.0000  RESTRAINT  =         0.0000
 Ewald error estimate:   0.4317E-04
 ------------------------------------------------------------------------------

 NMR restraints: Bond =    0.000   Angle =     0.000   Torsion =     0.000
===============================================================================

 NSTEP =     4200   TIME(PS) =       8.400  TEMP(K) =   134.37  PRESS =     0.0
 Etot   =     -6225.7367  EKtot   =       511.8875  EPtot      =     -6737.6241
 BOND   =         1.3713  ANGLE   =         4.7541  DIHED      =        10.3553
 1-4 NB =         3.0927  1-4 EEL =        45.1053  VDWAALS    =      1315.0682
 EELEC  =     -8117.3712  EHBOND  =         0.0000  RESTRAINT  =         0.0000
 Ewald error estimate:   0.2328E-03
 ------------------------------------------------------------------------------

 NMR restraints: Bond =    0.000   Angle =     0.000   Torsion =     0.000
===============================================================================

 NSTEP =     4300   TIME(PS) =       8.600  TEMP(K) =   134.35  PRESS =     0.0
 Etot   =     -6209.1269  EKtot   =       511.7943  EPtot      =     -6720.9211
 BOND   =         1.5521  ANGLE   =         4.5905  DIHED      =         9.6487
 1-4 NB =         2.4093  1-4 EEL =        43.9062  VDWAALS    =      1291.9378
 EELEC  =     -8074.9657  EHBOND  =         0.0000  RESTRAINT  =         0.0000
 Ewald error estimate:   0.9667E-04
 ------------------------------------------------------------------------------

 NMR restraints: Bond =    0.000   Angle =     0.000   Torsion =     0.000
===============================================================================

 NSTEP =     4400   TIME(PS) =       8.800  TEMP(K) =   143.65  PRESS =     0.0
 Etot   =     -6179.2660  EKtot   =       547.2315  EPtot      =     -6726.4975
 BOND   =         0.9748  ANGLE   =         4.5058  DIHED      =        10.2209
 1-4 NB =         3.3185  1-4 EEL =        45.5467  VDWAALS    =      1292.0553
 EELEC  =     -8083.1195  EHBOND  =         0.0000  RESTRAINT  =         0.0000
 Ewald error estimate:   0.9460E-04
 ------------------------------------------------------------------------------

 NMR restraints: Bond =    0.000   Angle =     0.000   Torsion =     0.000
===============================================================================

 NSTEP =     4500   TIME(PS) =       9.000  TEMP(K) =   145.62  PRESS =     0.0
 Etot   =     -6151.3285  EKtot   =       554.7150  EPtot      =     -6706.0435
 BOND   =         1.4364  ANGLE   =         4.1807  DIHED      =        11.0442
 1-4 NB =         3.8993  1-4 EEL =        46.3940  VDWAALS    =      1301.5808
 EELEC  =     -8074.5790  EHBOND  =         0.0000  RESTRAINT  =         0.0000
 Ewald error estimate:   0.7213E-04
 ------------------------------------------------------------------------------

 NMR restraints: Bond =    0.000   Angle =     0.000   Torsion =     0.000
===============================================================================

 NSTEP =     4600   TIME(PS) =       9.200  TEMP(K) =   147.17  PRESS =     0.0
 Etot   =     -6106.7295  EKtot   =       560.6356  EPtot      =     -6667.3651
 BOND   =         1.3799  ANGLE   =         5.8892  DIHED      =        10.3394
 1-4 NB =         2.4635  1-4 EEL =        45.3167  VDWAALS    =      1241.6741
 EELEC  =     -7974.4279  EHBOND  =         0.0000  RESTRAINT  =         0.0000
 Ewald error estimate:   0.5423E-03
 ------------------------------------------------------------------------------

 NMR restraints: Bond =    0.000   Angle =     0.000   Torsion =     0.000
===============================================================================

 NSTEP =     4700   TIME(PS) =       9.400  TEMP(K) =   147.27  PRESS =     0.0
 Etot   =     -6105.0313  EKtot   =       561.0168  EPtot      =     -6666.0481
 BOND   =         1.9694  ANGLE   =         4.7391  DIHED      =         9.7429
 1-4 NB =         3.2181  1-4 EEL =        46.5972  VDWAALS    =      1300.1711
 EELEC  =     -8032.4858  EHBOND  =         0.0000  RESTRAINT  =         0.0000
 Ewald error estimate:   0.8892E-04
 ------------------------------------------------------------------------------

 NMR restraints: Bond =    0.000   Angle =     0.000   Torsion =     0.000
===============================================================================

 NSTEP =     4800   TIME(PS) =       9.600  TEMP(K) =   152.26  PRESS =     0.0
 Etot   =     -6086.8037  EKtot   =       580.0087  EPtot      =     -6666.8124
 BOND   =         0.7793  ANGLE   =         4.9660  DIHED      =         9.4563
 1-4 NB =         2.4243  1-4 EEL =        45.6924  VDWAALS    =      1267.6716
 EELEC  =     -7997.8024  EHBOND  =         0.0000  RESTRAINT  =         0.0000
 Ewald error estimate:   0.1148E-03
 ------------------------------------------------------------------------------

 NMR restraints: Bond =    0.000   Angle =     0.000   Torsion =     0.000
===============================================================================

 NSTEP =     4900   TIME(PS) =       9.800  TEMP(K) =   154.71  PRESS =     0.0
 Etot   =     -6042.6534  EKtot   =       589.3536  EPtot      =     -6632.0070
 BOND   =         2.6396  ANGLE   =         6.5510  DIHED      =        10.5209
 1-4 NB =         2.9014  1-4 EEL =        47.3511  VDWAALS    =      1221.8834
 EELEC  =     -7923.8543  EHBOND  =         0.0000  RESTRAINT  =         0.0000
 Ewald error estimate:   0.2184E-03
 ------------------------------------------------------------------------------

 NMR restraints: Bond =    0.000   Angle =     0.000   Torsion =     0.000
===============================================================================

 NSTEP =     5000   TIME(PS) =      10.000  TEMP(K) =   158.91  PRESS =     0.0
 Etot   =     -6029.9225  EKtot   =       605.3686  EPtot      =     -6635.2911
 BOND   =         0.8304  ANGLE   =         5.7771  DIHED      =        10.0061
 1-4 NB =         4.1780  1-4 EEL =        50.1364  VDWAALS    =      1226.2980
 EELEC  =     -7932.5171  EHBOND  =         0.0000  RESTRAINT  =         0.0000
 Ewald error estimate:   0.4968E-03
 ------------------------------------------------------------------------------

 NMR restraints: Bond =    0.000   Angle =     0.000   Torsion =     0.000
===============================================================================

 NSTEP =     5100   TIME(PS) =      10.200  TEMP(K) =   160.84  PRESS =     0.0
 Etot   =     -5993.8115  EKtot   =       612.7199  EPtot      =     -6606.5314
 BOND   =         2.5587  ANGLE   =         9.2988  DIHED      =        10.3677
 1-4 NB =         3.1994  1-4 EEL =        47.4765  VDWAALS    =      1289.9738
 EELEC  =     -7969.4062  EHBOND  =         0.0000  RESTRAINT  =         0.0000
 Ewald error estimate:   0.3852E-03
 ------------------------------------------------------------------------------

 NMR restraints: Bond =    0.000   Angle =     0.000   Torsion =     0.000
===============================================================================

 NSTEP =     5200   TIME(PS) =      10.400  TEMP(K) =   164.45  PRESS =     0.0
 Etot   =     -5956.9684  EKtot   =       626.4586  EPtot      =     -6583.4269
 BOND   =         1.2498  ANGLE   =         6.8035  DIHED      =        10.5414
 1-4 NB =         3.6340  1-4 EEL =        48.2659  VDWAALS    =      1197.6593
 EELEC  =     -7851.5809  EHBOND  =         0.0000  RESTRAINT  =         0.0000
 Ewald error estimate:   0.4747E-03
 ------------------------------------------------------------------------------

 NMR restraints: Bond =    0.000   Angle =     0.000   Torsion =     0.000
===============================================================================

 NSTEP =     5300   TIME(PS) =      10.600  TEMP(K) =   172.75  PRESS =     0.0
 Etot   =     -5925.9900  EKtot   =       658.0757  EPtot      =     -6584.0657
 BOND   =         2.1982  ANGLE   =         4.9478  DIHED      =        10.1706
 1-4 NB =         4.3753  1-4 EEL =        47.7079  VDWAALS    =      1241.4520
 EELEC  =     -7894.9177  EHBOND  =         0.0000  RESTRAINT  =         0.0000
 Ewald error estimate:   0.1317E-03
 ------------------------------------------------------------------------------

 NMR restraints: Bond =    0.000   Angle =     0.000   Torsion =     0.000
===============================================================================

 NSTEP =     5400   TIME(PS) =      10.800  TEMP(K) =   171.72  PRESS =     0.0
 Etot   =     -5930.7597  EKtot   =       654.1612  EPtot      =     -6584.9209
 BOND   =         1.2479  ANGLE   =         6.5435  DIHED      =         9.5004
 1-4 NB =         3.2872  1-4 EEL =        46.4325  VDWAALS    =      1252.3708
 EELEC  =     -7904.3032  EHBOND  =         0.0000  RESTRAINT  =         0.0000
 Ewald error estimate:   0.2807E-05
 ------------------------------------------------------------------------------

 NMR restraints: Bond =    0.000   Angle =     0.000   Torsion =     0.000
===============================================================================

 NSTEP =     5500   TIME(PS) =      11.000  TEMP(K) =   170.48  PRESS =     0.0
 Etot   =     -5922.0533  EKtot   =       649.4455  EPtot      =     -6571.4988
 BOND   =         2.4664  ANGLE   =         3.5723  DIHED      =        10.6317
 1-4 NB =         2.6727  1-4 EEL =        44.7457  VDWAALS    =      1173.0167
 EELEC  =     -7808.6044  EHBOND  =         0.0000  RESTRAINT  =         0.0000
 Ewald error estimate:   0.2537E-03
 ------------------------------------------------------------------------------

 NMR restraints: Bond =    0.000   Angle =     0.000   Torsion =     0.000
===============================================================================

 NSTEP =     5600   TIME(PS) =      11.200  TEMP(K) =   172.96  PRESS =     0.0
 Etot   =     -5871.1414  EKtot   =       658.9002  EPtot      =     -6530.0415
 BOND   =         1.5692  ANGLE   =         5.4416  DIHED      =         9.5595
 1-4 NB =         2.4967  1-4 EEL =        45.6628  VDWAALS    =      1173.9669
 EELEC  =     -7768.7382  EHBOND  =         0.0000  RESTRAINT  =         0.0000
 Ewald error estimate:   0.7293E-04
 ------------------------------------------------------------------------------

 NMR restraints: Bond =    0.000   Angle =     0.000   Torsion =     0.000
===============================================================================

 NSTEP =     5700   TIME(PS) =      11.400  TEMP(K) =   180.52  PRESS =     0.0
 Etot   =     -5816.4422  EKtot   =       687.6874  EPtot      =     -6504.1296
 BOND   =         0.3688  ANGLE   =         2.4341  DIHED      =         9.2789
 1-4 NB =         3.2709  1-4 EEL =        47.0631  VDWAALS    =      1227.3493
 EELEC  =     -7793.8946  EHBOND  =         0.0000  RESTRAINT  =         0.0000
 Ewald error estimate:   0.2863E-03
 ------------------------------------------------------------------------------

 NMR restraints: Bond =    0.000   Angle =     0.000   Torsion =     0.000
===============================================================================

 NSTEP =     5800   TIME(PS) =      11.600  TEMP(K) =   183.83  PRESS =     0.0
 Etot   =     -5823.8829  EKtot   =       700.2812  EPtot      =     -6524.1641
 BOND   =         1.0842  ANGLE   =         5.2505  DIHED      =        10.5952
 1-4 NB =         2.5910  1-4 EEL =        47.5657  VDWAALS    =      1217.4920
 EELEC  =     -7808.7426  EHBOND  =         0.0000  RESTRAINT  =         0.0000
 Ewald error estimate:   0.4060E-03
 ------------------------------------------------------------------------------

 NMR restraints: Bond =    0.000   Angle =     0.000   Torsion =     0.000
===============================================================================

 NSTEP =     5900   TIME(PS) =      11.800  TEMP(K) =   187.49  PRESS =     0.0
 Etot   =     -5777.9844  EKtot   =       714.2278  EPtot      =     -6492.2122
 BOND   =         1.7441  ANGLE   =         8.8541  DIHED      =         9.8066
 1-4 NB =         3.4977  1-4 EEL =        47.3117  VDWAALS    =      1184.2232
 EELEC  =     -7747.6495  EHBOND  =         0.0000  RESTRAINT  =         0.0000
 Ewald error estimate:   0.1279E-03
 ------------------------------------------------------------------------------

 NMR restraints: Bond =    0.000   Angle =     0.000   Torsion =     0.000
===============================================================================

 NSTEP =     6000   TIME(PS) =      12.000  TEMP(K) =   195.46  PRESS =     0.0
 Etot   =     -5757.7474  EKtot   =       744.5914  EPtot      =     -6502.3388
 BOND   =         0.9960  ANGLE   =         5.1190  DIHED      =        12.4143
 1-4 NB =         3.4726  1-4 EEL =        44.4950  VDWAALS    =      1199.5533
 EELEC  =     -7768.3890  EHBOND  =         0.0000  RESTRAINT  =         0.0000
 Ewald error estimate:   0.1489E-03
 ------------------------------------------------------------------------------

 NMR restraints: Bond =    0.000   Angle =     0.000   Torsion =     0.000
===============================================================================

 NSTEP =     6100   TIME(PS) =      12.200  TEMP(K) =   184.66  PRESS =     0.0
 Etot   =     -5747.0661  EKtot   =       703.4520  EPtot      =     -6450.5181
 BOND   =         1.0383  ANGLE   =         7.7882  DIHED      =         9.9040
 1-4 NB =         3.0705  1-4 EEL =        48.0181  VDWAALS    =      1210.4288
 EELEC  =     -7730.7660  EHBOND  =         0.0000  RESTRAINT  =         0.0000
 Ewald error estimate:   0.2890E-03
 ------------------------------------------------------------------------------

 NMR restraints: Bond =    0.000   Angle =     0.000   Torsion =     0.000
===============================================================================

 NSTEP =     6200   TIME(PS) =      12.400  TEMP(K) =   197.05  PRESS =     0.0
 Etot   =     -5708.4273  EKtot   =       750.6561  EPtot      =     -6459.0834
 BOND   =         3.2595  ANGLE   =         6.2079  DIHED      =        10.1526
 1-4 NB =         3.8148  1-4 EEL =        47.8842  VDWAALS    =      1207.9667
 EELEC  =     -7738.3692  EHBOND  =         0.0000  RESTRAINT  =         0.0000
 Ewald error estimate:   0.4357E-03
 ------------------------------------------------------------------------------

 NMR restraints: Bond =    0.000   Angle =     0.000   Torsion =     0.000
===============================================================================

 NSTEP =     6300   TIME(PS) =      12.600  TEMP(K) =   199.24  PRESS =     0.0
 Etot   =     -5669.0804  EKtot   =       758.9899  EPtot      =     -6428.0703
 BOND   =         2.5394  ANGLE   =         7.5488  DIHED      =         9.8757
 1-4 NB =         2.9797  1-4 EEL =        45.0590  VDWAALS    =      1140.3003
 EELEC  =     -7636.3732  EHBOND  =         0.0000  RESTRAINT  =         0.0000
 Ewald error estimate:   0.6037E-04
 ------------------------------------------------------------------------------

 NMR restraints: Bond =    0.000   Angle =     0.000   Torsion =     0.000
===============================================================================

 NSTEP =     6400   TIME(PS) =      12.800  TEMP(K) =   193.93  PRESS =     0.0
 Etot   =     -5662.5292  EKtot   =       738.7637  EPtot      =     -6401.2929
 BOND   =         1.3247  ANGLE   =         5.9412  DIHED      =         9.5738
 1-4 NB =         3.1438  1-4 EEL =        47.5645  VDWAALS    =      1113.1791
 EELEC  =     -7582.0201  EHBOND  =         0.0000  RESTRAINT  =         0.0000
 Ewald error estimate:   0.1192E-03
 ------------------------------------------------------------------------------

 NMR restraints: Bond =    0.000   Angle =     0.000   Torsion =     0.000
===============================================================================

 NSTEP =     6500   TIME(PS) =      13.000  TEMP(K) =   205.68  PRESS =     0.0
 Etot   =     -5632.8170  EKtot   =       783.5266  EPtot      =     -6416.3436
 BOND   =         2.3479  ANGLE   =         5.7051  DIHED      =        11.2406
 1-4 NB =         3.1615  1-4 EEL =        43.3102  VDWAALS    =      1128.6632
 EELEC  =     -7610.7721  EHBOND  =         0.0000  RESTRAINT  =         0.0000
 Ewald error estimate:   0.4803E-03
 ------------------------------------------------------------------------------

 NMR restraints: Bond =    0.000   Angle =     0.000   Torsion =     0.000
===============================================================================

 NSTEP =     6600   TIME(PS) =      13.200  TEMP(K) =   206.95  PRESS =     0.0
 Etot   =     -5565.1984  EKtot   =       788.3744  EPtot      =     -6353.5727
 BOND   =         3.0073  ANGLE   =         8.7203  DIHED      =         9.6207
 1-4 NB =         2.1662  1-4 EEL =        45.1994  VDWAALS    =      1122.5238
 EELEC  =     -7544.8105  EHBOND  =         0.0000  RESTRAINT  =         0.0000
 Ewald error estimate:   0.3160E-03
 ------------------------------------------------------------------------------

 NMR restraints: Bond =    0.000   Angle =     0.000   Torsion =     0.000
===============================================================================

 NSTEP =     6700   TIME(PS) =      13.400  TEMP(K) =   223.46  PRESS =     0.0
 Etot   =     -5532.6879  EKtot   =       851.2484  EPtot      =     -6383.9363
 BOND   =         0.9595  ANGLE   =         4.4496  DIHED      =         9.5367
 1-4 NB =         3.6153  1-4 EEL =        48.9774  VDWAALS    =      1146.3619
 EELEC  =     -7597.8367  EHBOND  =         0.0000  RESTRAINT  =         0.0000
 Ewald error estimate:   0.2987E-03
 ------------------------------------------------------------------------------

 NMR restraints: Bond =    0.000   Angle =     0.000   Torsion =     0.000
===============================================================================

 NSTEP =     6800   TIME(PS) =      13.600  TEMP(K) =   224.00  PRESS =     0.0
 Etot   =     -5475.9392  EKtot   =       853.3086  EPtot      =     -6329.2477
 BOND   =         1.8260  ANGLE   =         7.2232  DIHED      =         9.4481
 1-4 NB =         2.6731  1-4 EEL =        47.9243  VDWAALS    =      1138.0623
 EELEC  =     -7536.4046  EHBOND  =         0.0000  RESTRAINT  =         0.0000
 Ewald error estimate:   0.4530E-04
 ------------------------------------------------------------------------------

 NMR restraints: Bond =    0.000   Angle =     0.000   Torsion =     0.000
===============================================================================

 NSTEP =     6900   TIME(PS) =      13.800  TEMP(K) =   220.25  PRESS =     0.0
 Etot   =     -5484.0036  EKtot   =       839.0236  EPtot      =     -6323.0272
 BOND   =         1.3905  ANGLE   =         8.0802  DIHED      =        10.4593
 1-4 NB =         3.7850  1-4 EEL =        44.8926  VDWAALS    =      1163.3913
 EELEC  =     -7555.0261  EHBOND  =         0.0000  RESTRAINT  =         0.0000
 Ewald error estimate:   0.1006E-03
 ------------------------------------------------------------------------------

 NMR restraints: Bond =    0.000   Angle =     0.000   Torsion =     0.000
===============================================================================

 NSTEP =     7000   TIME(PS) =      14.000  TEMP(K) =   226.18  PRESS =     0.0
 Etot   =     -5431.6905  EKtot   =       861.6277  EPtot      =     -6293.3182
 BOND   =         1.1498  ANGLE   =         9.0700  DIHED      =         9.6167
 1-4 NB =         3.0029  1-4 EEL =        46.2940  VDWAALS    =      1108.3161
 EELEC  =     -7470.7676  EHBOND  =         0.0000  RESTRAINT  =         0.0000
 Ewald error estimate:   0.3577E-03
 ------------------------------------------------------------------------------

 NMR restraints: Bond =    0.000   Angle =     0.000   Torsion =     0.000
===============================================================================

 NSTEP =     7100   TIME(PS) =      14.200  TEMP(K) =   233.29  PRESS =     0.0
 Etot   =     -5381.4627  EKtot   =       888.7180  EPtot      =     -6270.1807
 BOND   =         1.5871  ANGLE   =         6.4733  DIHED      =         9.3600
 1-4 NB =         4.0107  1-4 EEL =        46.4817  VDWAALS    =      1103.9833
 EELEC  =     -7442.0768  EHBOND  =         0.0000  RESTRAINT  =         0.0000
 Ewald error estimate:   0.3264E-03
 ------------------------------------------------------------------------------

 NMR restraints: Bond =    0.000   Angle =     0.000   Torsion =     0.000
===============================================================================

 NSTEP =     7200   TIME(PS) =      14.400  TEMP(K) =   240.09  PRESS =     0.0
 Etot   =     -5324.3876  EKtot   =       914.6191  EPtot      =     -6239.0067
 BOND   =         0.8611  ANGLE   =         8.1993  DIHED      =        10.1004
 1-4 NB =         2.7728  1-4 EEL =        47.0738  VDWAALS    =      1108.5433
 EELEC  =     -7416.5574  EHBOND  =         0.0000  RESTRAINT  =         0.0000
 Ewald error estimate:   0.1454E-03
 ------------------------------------------------------------------------------

 NMR restraints: Bond =    0.000   Angle =     0.000   Torsion =     0.000
===============================================================================

 NSTEP =     7300   TIME(PS) =      14.600  TEMP(K) =   226.90  PRESS =     0.0
 Etot   =     -5371.0686  EKtot   =       864.3534  EPtot      =     -6235.4220
 BOND   =         4.0396  ANGLE   =         7.5049  DIHED      =        10.0002
 1-4 NB =         2.6535  1-4 EEL =        47.0942  VDWAALS    =      1133.6328
 EELEC  =     -7440.3472  EHBOND  =         0.0000  RESTRAINT  =         0.0000
 Ewald error estimate:   0.4481E-04
 ------------------------------------------------------------------------------

 NMR restraints: Bond =    0.000   Angle =     0.000   Torsion =     0.000
===============================================================================

 NSTEP =     7400   TIME(PS) =      14.800  TEMP(K) =   233.83  PRESS =     0.0
 Etot   =     -5278.6615  EKtot   =       890.7623  EPtot      =     -6169.4238
 BOND   =         1.9402  ANGLE   =        10.1754  DIHED      =        11.5214
 1-4 NB =         3.0402  1-4 EEL =        47.7890  VDWAALS    =      1015.0510
 EELEC  =     -7258.9410  EHBOND  =         0.0000  RESTRAINT  =         0.0000
 Ewald error estimate:   0.3625E-03
 ------------------------------------------------------------------------------

 NMR restraints: Bond =    0.000   Angle =     0.000   Torsion =     0.000
===============================================================================

 NSTEP =     7500   TIME(PS) =      15.000  TEMP(K) =   250.05  PRESS =     0.0
 Etot   =     -5249.8797  EKtot   =       952.5564  EPtot      =     -6202.4362
 BOND   =         1.1675  ANGLE   =         6.5248  DIHED      =        10.4675
 1-4 NB =         2.7573  1-4 EEL =        46.1940  VDWAALS    =      1094.7105
 EELEC  =     -7364.2578  EHBOND  =         0.0000  RESTRAINT  =         0.0000
 Ewald error estimate:   0.7165E-04
 ------------------------------------------------------------------------------

 NMR restraints: Bond =    0.000   Angle =     0.000   Torsion =     0.000
===============================================================================

 NSTEP =     7600   TIME(PS) =      15.200  TEMP(K) =   245.89  PRESS =     0.0
 Etot   =     -5226.5419  EKtot   =       936.6968  EPtot      =     -6163.2387
 BOND   =         3.5657  ANGLE   =         4.7743  DIHED      =        10.9718
 1-4 NB =         2.9986  1-4 EEL =        44.2252  VDWAALS    =      1041.3175
 EELEC  =     -7271.0920  EHBOND  =         0.0000  RESTRAINT  =         0.0000
 Ewald error estimate:   0.5521E-03
 ------------------------------------------------------------------------------

 NMR restraints: Bond =    0.000   Angle =     0.000   Torsion =     0.000
===============================================================================

 NSTEP =     7700   TIME(PS) =      15.400  TEMP(K) =   248.64  PRESS =     0.0
 Etot   =     -5197.4302  EKtot   =       947.1684  EPtot      =     -6144.5987
 BOND   =         1.2475  ANGLE   =        12.1176  DIHED      =         9.4959
 1-4 NB =         4.3350  1-4 EEL =        49.5639  VDWAALS    =      1054.2616
 EELEC  =     -7275.6202  EHBOND  =         0.0000  RESTRAINT  =         0.0000
 Ewald error estimate:   0.8220E-04
 ------------------------------------------------------------------------------

 NMR restraints: Bond =    0.000   Angle =     0.000   Torsion =     0.000
===============================================================================

 NSTEP =     7800   TIME(PS) =      15.600  TEMP(K) =   246.72  PRESS =     0.0
 Etot   =     -5181.1274  EKtot   =       939.8609  EPtot      =     -6120.9883
 BOND   =         2.4960  ANGLE   =         9.3799  DIHED      =         9.5713
 1-4 NB =         2.5658  1-4 EEL =        42.6531  VDWAALS    =      1046.0676
 EELEC  =     -7233.7219  EHBOND  =         0.0000  RESTRAINT  =         0.0000
 Ewald error estimate:   0.1561E-03
 ------------------------------------------------------------------------------

 NMR restraints: Bond =    0.000   Angle =     0.000   Torsion =     0.000
===============================================================================

 NSTEP =     7900   TIME(PS) =      15.800  TEMP(K) =   246.40  PRESS =     0.0
 Etot   =     -5177.4817  EKtot   =       938.6393  EPtot      =     -6116.1209
 BOND   =         1.8174  ANGLE   =         5.1918  DIHED      =         9.7363
 1-4 NB =         2.9900  1-4 EEL =        45.6787  VDWAALS    =      1073.4126
 EELEC  =     -7254.9477  EHBOND  =         0.0000  RESTRAINT  =         0.0000
 Ewald error estimate:   0.1729E-03
 ------------------------------------------------------------------------------

 NMR restraints: Bond =    0.000   Angle =     0.000   Torsion =     0.000
===============================================================================

 NSTEP =     8000   TIME(PS) =      16.000  TEMP(K) =   258.07  PRESS =     0.0
 Etot   =     -5140.0014  EKtot   =       983.1186  EPtot      =     -6123.1200
 BOND   =         3.0758  ANGLE   =         7.0472  DIHED      =        11.3970
 1-4 NB =         2.0170  1-4 EEL =        46.7568  VDWAALS    =      1032.2265
 EELEC  =     -7225.6403  EHBOND  =         0.0000  RESTRAINT  =         0.0000
 Ewald error estimate:   0.1603E-03
 ------------------------------------------------------------------------------

 NMR restraints: Bond =    0.000   Angle =     0.000   Torsion =     0.000
===============================================================================

 NSTEP =     8100   TIME(PS) =      16.200  TEMP(K) =   257.80  PRESS =     0.0
 Etot   =     -5095.7275  EKtot   =       982.0670  EPtot      =     -6077.7945
 BOND   =         3.3116  ANGLE   =         7.0709  DIHED      =        13.9135
 1-4 NB =         4.1310  1-4 EEL =        44.1564  VDWAALS    =      1026.3416
 EELEC  =     -7176.7194  EHBOND  =         0.0000  RESTRAINT  =         0.0000
 Ewald error estimate:   0.3830E-04
 ------------------------------------------------------------------------------

 NMR restraints: Bond =    0.000   Angle =     0.000   Torsion =     0.000
===============================================================================

 NSTEP =     8200   TIME(PS) =      16.400  TEMP(K) =   254.82  PRESS =     0.0
 Etot   =     -5046.2578  EKtot   =       970.7114  EPtot      =     -6016.9692
 BOND   =         2.7725  ANGLE   =         7.5611  DIHED      =        12.0305
 1-4 NB =         2.8449  1-4 EEL =        44.2213  VDWAALS    =       999.4053
 EELEC  =     -7085.8049  EHBOND  =         0.0000  RESTRAINT  =         0.0000
 Ewald error estimate:   0.1586E-03
 ------------------------------------------------------------------------------

 NMR restraints: Bond =    0.000   Angle =     0.000   Torsion =     0.000
===============================================================================

 NSTEP =     8300   TIME(PS) =      16.600  TEMP(K) =   257.74  PRESS =     0.0
 Etot   =     -5026.6393  EKtot   =       981.8602  EPtot      =     -6008.4995
 BOND   =         2.1373  ANGLE   =         7.9856  DIHED      =        10.5004
 1-4 NB =         2.9877  1-4 EEL =        46.0987  VDWAALS    =      1017.9710
 EELEC  =     -7096.1803  EHBOND  =         0.0000  RESTRAINT  =         0.0000
 Ewald error estimate:   0.2086E-03
 ------------------------------------------------------------------------------

 NMR restraints: Bond =    0.000   Angle =     0.000   Torsion =     0.000
===============================================================================

 NSTEP =     8400   TIME(PS) =      16.800  TEMP(K) =   269.28  PRESS =     0.0
 Etot   =     -4972.5095  EKtot   =      1025.7941  EPtot      =     -5998.3036
 BOND   =         2.8331  ANGLE   =         9.6118  DIHED      =        13.2083
 1-4 NB =         2.9233  1-4 EEL =        47.6069  VDWAALS    =       957.9012
 EELEC  =     -7032.3882  EHBOND  =         0.0000  RESTRAINT  =         0.0000
 Ewald error estimate:   0.3382E-04
 ------------------------------------------------------------------------------

 NMR restraints: Bond =    0.000   Angle =     0.000   Torsion =     0.000
===============================================================================

 NSTEP =     8500   TIME(PS) =      17.000  TEMP(K) =   267.56  PRESS =     0.0
 Etot   =     -4952.6663  EKtot   =      1019.2668  EPtot      =     -5971.9332
 BOND   =         2.2339  ANGLE   =         9.9429  DIHED      =        11.9066
 1-4 NB =         2.4304  1-4 EEL =        46.3011  VDWAALS    =       970.6470
 EELEC  =     -7015.3951  EHBOND  =         0.0000  RESTRAINT  =         0.0000
 Ewald error estimate:   0.2460E-03
 ------------------------------------------------------------------------------

 NMR restraints: Bond =    0.000   Angle =     0.000   Torsion =     0.000
===============================================================================

 NSTEP =     8600   TIME(PS) =      17.200  TEMP(K) =   276.32  PRESS =     0.0
 Etot   =     -4912.8795  EKtot   =      1052.6133  EPtot      =     -5965.4929
 BOND   =         5.5779  ANGLE   =         5.6286  DIHED      =        10.2814
 1-4 NB =         1.7852  1-4 EEL =        44.8337  VDWAALS    =       959.1365
 EELEC  =     -6992.7361  EHBOND  =         0.0000  RESTRAINT  =         0.0000
 Ewald error estimate:   0.4557E-03
 ------------------------------------------------------------------------------

 NMR restraints: Bond =    0.000   Angle =     0.000   Torsion =     0.000
===============================================================================

 NSTEP =     8700   TIME(PS) =      17.400  TEMP(K) =   278.68  PRESS =     0.0
 Etot   =     -4917.2263  EKtot   =      1061.6008  EPtot      =     -5978.8271
 BOND   =         1.7189  ANGLE   =         7.5863  DIHED      =        11.3333
 1-4 NB =         3.3671  1-4 EEL =        45.8163  VDWAALS    =       975.4185
 EELEC  =     -7024.0675  EHBOND  =         0.0000  RESTRAINT  =         0.0000
 Ewald error estimate:   0.1989E-03
 ------------------------------------------------------------------------------

 NMR restraints: Bond =    0.000   Angle =     0.000   Torsion =     0.000
===============================================================================

 NSTEP =     8800   TIME(PS) =      17.600  TEMP(K) =   284.62  PRESS =     0.0
 Etot   =     -4857.1486  EKtot   =      1084.2386  EPtot      =     -5941.3872
 BOND   =         2.1956  ANGLE   =         8.1641  DIHED      =        11.4680
 1-4 NB =         2.2186  1-4 EEL =        45.7036  VDWAALS    =      1004.1760
 EELEC  =     -7015.3130  EHBOND  =         0.0000  RESTRAINT  =         0.0000
 Ewald error estimate:   0.2352E-03
 ------------------------------------------------------------------------------

 NMR restraints: Bond =    0.000   Angle =     0.000   Torsion =     0.000
===============================================================================

 NSTEP =     8900   TIME(PS) =      17.800  TEMP(K) =   279.63  PRESS =     0.0
 Etot   =     -4844.7235  EKtot   =      1065.2505  EPtot      =     -5909.9740
 BOND   =         1.9648  ANGLE   =         6.8469  DIHED      =        11.3649
 1-4 NB =         4.0356  1-4 EEL =        45.3008  VDWAALS    =       852.2387
 EELEC  =     -6831.7257  EHBOND  =         0.0000  RESTRAINT  =         0.0000
 Ewald error estimate:   0.2850E-04
 ------------------------------------------------------------------------------

 NMR restraints: Bond =    0.000   Angle =     0.000   Torsion =     0.000
===============================================================================

 NSTEP =     9000   TIME(PS) =      18.000  TEMP(K) =   279.26  PRESS =     0.0
 Etot   =     -4774.6574  EKtot   =      1063.8357  EPtot      =     -5838.4931
 BOND   =         1.7507  ANGLE   =         8.4882  DIHED      =        10.6609
 1-4 NB =         3.5060  1-4 EEL =        47.2976  VDWAALS    =       908.2773
 EELEC  =     -6818.4738  EHBOND  =         0.0000  RESTRAINT  =         0.0000
 Ewald error estimate:   0.2687E-03
 ------------------------------------------------------------------------------

 NMR restraints: Bond =    0.000   Angle =     0.000   Torsion =     0.000
===============================================================================

 NSTEP =     9100   TIME(PS) =      18.200  TEMP(K) =   291.64  PRESS =     0.0
 Etot   =     -4735.3358  EKtot   =      1110.9891  EPtot      =     -5846.3249
 BOND   =         2.0208  ANGLE   =         6.6327  DIHED      =        10.6550
 1-4 NB =         3.2569  1-4 EEL =        47.2354  VDWAALS    =       913.7493
 EELEC  =     -6829.8751  EHBOND  =         0.0000  RESTRAINT  =         0.0000
 Ewald error estimate:   0.3581E-03
 ------------------------------------------------------------------------------

 NMR restraints: Bond =    0.000   Angle =     0.000   Torsion =     0.000
===============================================================================

 NSTEP =     9200   TIME(PS) =      18.400  TEMP(K) =   293.69  PRESS =     0.0
 Etot   =     -4736.4989  EKtot   =      1118.7809  EPtot      =     -5855.2798
 BOND   =         3.4902  ANGLE   =         9.1969  DIHED      =        11.0322
 1-4 NB =         2.9193  1-4 EEL =        48.2387  VDWAALS    =       919.3498
 EELEC  =     -6849.5070  EHBOND  =         0.0000  RESTRAINT  =         0.0000
 Ewald error estimate:   0.1080E-03
 ------------------------------------------------------------------------------

 NMR restraints: Bond =    0.000   Angle =     0.000   Torsion =     0.000
===============================================================================

 NSTEP =     9300   TIME(PS) =      18.600  TEMP(K) =   283.87  PRESS =     0.0
 Etot   =     -4765.9107  EKtot   =      1081.4020  EPtot      =     -5847.3127
 BOND   =         2.2180  ANGLE   =         9.2750  DIHED      =        12.8974
 1-4 NB =         4.3244  1-4 EEL =        47.8322  VDWAALS    =       920.3694
 EELEC  =     -6844.2291  EHBOND  =         0.0000  RESTRAINT  =         0.0000
 Ewald error estimate:   0.4518E-04
 ------------------------------------------------------------------------------

 NMR restraints: Bond =    0.000   Angle =     0.000   Torsion =     0.000
===============================================================================

 NSTEP =     9400   TIME(PS) =      18.800  TEMP(K) =   290.46  PRESS =     0.0
 Etot   =     -4740.0486  EKtot   =      1106.4738  EPtot      =     -5846.5223
 BOND   =         2.6012  ANGLE   =         8.4473  DIHED      =        10.7427
 1-4 NB =         3.9771  1-4 EEL =        45.9022  VDWAALS    =       908.5212
 EELEC  =     -6826.7140  EHBOND  =         0.0000  RESTRAINT  =         0.0000
 Ewald error estimate:   0.1096E-03
 ------------------------------------------------------------------------------

 NMR restraints: Bond =    0.000   Angle =     0.000   Torsion =     0.000
===============================================================================

 NSTEP =     9500   TIME(PS) =      19.000  TEMP(K) =   289.41  PRESS =     0.0
 Etot   =     -4679.1572  EKtot   =      1102.4955  EPtot      =     -5781.6527
 BOND   =         2.6601  ANGLE   =         6.7039  DIHED      =        10.4021
 1-4 NB =         3.4192  1-4 EEL =        49.9319  VDWAALS    =       898.4028
 EELEC  =     -6753.1729  EHBOND  =         0.0000  RESTRAINT  =         0.0000
 Ewald error estimate:   0.1558E-03
 ------------------------------------------------------------------------------

 NMR restraints: Bond =    0.000   Angle =     0.000   Torsion =     0.000
===============================================================================

 NSTEP =     9600   TIME(PS) =      19.200  TEMP(K) =   287.65  PRESS =     0.0
 Etot   =     -4641.3273  EKtot   =      1095.7945  EPtot      =     -5737.1218
 BOND   =         2.9217  ANGLE   =         7.3856  DIHED      =        10.8992
 1-4 NB =         3.1441  1-4 EEL =        46.7191  VDWAALS    =       887.1088
 EELEC  =     -6695.3004  EHBOND  =         0.0000  RESTRAINT  =         0.0000
 Ewald error estimate:   0.3177E-03
 ------------------------------------------------------------------------------

 NMR restraints: Bond =    0.000   Angle =     0.000   Torsion =     0.000
===============================================================================

 NSTEP =     9700   TIME(PS) =      19.400  TEMP(K) =   292.96  PRESS =     0.0
 Etot   =     -4651.3234  EKtot   =      1116.0178  EPtot      =     -5767.3412
 BOND   =         5.9645  ANGLE   =         7.0192  DIHED      =        11.9207
 1-4 NB =         3.9328  1-4 EEL =        48.7054  VDWAALS    =       897.6098
 EELEC  =     -6742.4935  EHBOND  =         0.0000  RESTRAINT  =         0.0000
 Ewald error estimate:   0.2320E-07
 ------------------------------------------------------------------------------

 NMR restraints: Bond =    0.000   Angle =     0.000   Torsion =     0.000
===============================================================================

 NSTEP =     9800   TIME(PS) =      19.600  TEMP(K) =   300.00  PRESS =     0.0
 Etot   =     -4634.5738  EKtot   =      1142.8425  EPtot      =     -5777.4163
 BOND   =         5.1409  ANGLE   =         7.4851  DIHED      =        13.2273
 1-4 NB =         2.2989  1-4 EEL =        44.8375  VDWAALS    =       914.4161
 EELEC  =     -6764.8222  EHBOND  =         0.0000  RESTRAINT  =         0.0000
 Ewald error estimate:   0.4270E-03
 ------------------------------------------------------------------------------

 NMR restraints: Bond =    0.000   Angle =     0.000   Torsion =     0.000
===============================================================================

 NSTEP =     9900   TIME(PS) =      19.800  TEMP(K) =   300.41  PRESS =     0.0
 Etot   =     -4636.9282  EKtot   =      1144.4049  EPtot      =     -5781.3331
 BOND   =         2.8004  ANGLE   =         9.3786  DIHED      =        12.2709
 1-4 NB =         2.9592  1-4 EEL =        45.3056  VDWAALS    =       865.2816
 EELEC  =     -6719.3295  EHBOND  =         0.0000  RESTRAINT  =         0.0000
 Ewald error estimate:   0.1894E-03
 ------------------------------------------------------------------------------

 NMR restraints: Bond =    0.000   Angle =     0.000   Torsion =     0.000
===============================================================================

 NSTEP =    10000   TIME(PS) =      20.000  TEMP(K) =   293.71  PRESS =     0.0
 Etot   =     -4631.4321  EKtot   =      1118.8791  EPtot      =     -5750.3112
 BOND   =         2.3262  ANGLE   =         6.3794  DIHED      =        10.3251
 1-4 NB =         4.1083  1-4 EEL =        48.0336  VDWAALS    =       846.7872
 EELEC  =     -6668.2710  EHBOND  =         0.0000  RESTRAINT  =         0.0000
 Ewald error estimate:   0.1372E-03
 ------------------------------------------------------------------------------

 NMR restraints: Bond =    0.000   Angle =     0.000   Torsion =     0.000
===============================================================================

      A V E R A G E S   O V E R   10000 S T E P S


 NSTEP =    10000   TIME(PS) =      20.000  TEMP(K) =   157.09  PRESS =     0.0
 Etot   =     -5946.3485  EKtot   =       598.4257  EPtot      =     -6544.7742
 BOND   =         1.8112  ANGLE   =         5.0803  DIHED      =        10.1821
 1-4 NB =         2.9825  1-4 EEL =        46.2528  VDWAALS    =      1219.6462
 EELEC  =     -7830.7292  EHBOND  =         0.0000  RESTRAINT  =         0.0000
 Ewald error estimate:   0.2753E-03
 ------------------------------------------------------------------------------

 NMR restraints: Bond =    0.000   Angle =     0.000   Torsion =     0.000
===============================================================================

      R M S  F L U C T U A T I O N S


 NSTEP =    10000   TIME(PS) =      20.000  TEMP(K) =    90.94  PRESS =     0.0
 Etot   =       763.1460  EKtot   =       346.4168  EPtot      =       421.7163
 BOND   =         1.1941  ANGLE   =         3.0104  DIHED      =         1.0799
 1-4 NB =         0.5296  1-4 EEL =         1.4855  VDWAALS    =       184.6093
 EELEC  =       599.7864  EHBOND  =         0.0000  RESTRAINT  =         0.0000
 Ewald error estimate:   0.1746E-03
 ------------------------------------------------------------------------------


 NMR restraints on final step:


--------------------------------------------------------------------------------
   5.  TIMINGS
--------------------------------------------------------------------------------

|                Build the list             6.29 (97.97% of List )
|                Other                      0.13 ( 2.03% of List )
|             List time                  6.42 ( 4.11% of Nonbo)
|                   Short_ene time           108.82 (99.08% of Direc)
|                   Other                      1.01 ( 0.92% of Direc)
|                Direct Ewald time        109.83 (73.30% of Ewald)
|                Adjust Ewald time          1.07 ( 0.72% of Ewald)
|                Self Ewald time            0.01 ( 0.01% of Ewald)
|                   Fill Bspline coeffs        1.47 ( 3.78% of Recip)
|                   Fill charge grid           3.30 ( 8.50% of Recip)
|                   Scalar sum                11.35 (29.28% of Recip)
|                   Grad sum                   6.68 (17.24% of Recip)
|                   FFT time                  15.95 (41.15% of Recip)
|                   Other                      0.02 ( 0.04% of Recip)
|                Recip Ewald time          38.76 (25.86% of Ewald)
|                Force Adjust               0.02 ( 0.01% of Ewald)
|                Virial junk                0.09 ( 0.06% of Ewald)
|                Other                      0.05 ( 0.04% of Ewald)
|             Ewald time               149.84 (95.88% of Nonbo)
|          Nonbond force            156.27 (99.77% of Force)
|          Bond/Angle/Dihedral        0.24 ( 0.15% of Force)
|          Other                      0.12 ( 0.08% of Force)
|       Force time               156.63 (95.82% of Runmd)
|       Shake time                 1.39 ( 0.85% of Runmd)
|       Verlet update time         5.38 ( 3.29% of Runmd)
|       Other                      0.06 ( 0.04% of Runmd)
|    Runmd Time               163.46 (100.0% of Total)
|    Other                      0.06 ( 0.03% of Total)
| Total time               163.52 (100.0% of ALL  )

| Number of list builds   :        517

| Highest rstack allocated:     133062
| Highest istack allocated:       1912

| Final Performance Info:
| -----------------------------------------------------
| Average timings for all steps:
|     Elapsed(s) =     163.46 Per Step(ms) =      16.35
|         ns/day =      10.57   seconds/ns =    8173.19
| -----------------------------------------------------

|           Job began  at 12:05:28.931  on 06/30/2015
|           Setup done at 12:05:28.992  on 06/30/2015
|           Run   done at 12:08:12.455  on 06/30/2015
|     wallclock() was called  441185 times
